<?xml version="1.0" encoding="UTF-8"?>
<!-- Generated by org.testng.reporters.JUnitReportReporter -->
<testsuite skipped="0" hostname="DESKTOP-NPTJ03E" name="org.themoviedb.qa.tests.ListTests" tests="7" failures="0" timestamp="2020-10-05T14:42:10 CEST" time="8.787" errors="0">
  <testcase name="clearListTest" time="1.054" classname="org.themoviedb.qa.tests.ListTests"/>
  <system-out/>
  <testcase name="createListTest" time="2.091" classname="org.themoviedb.qa.tests.ListTests"/>
  <system-out/>
  <testcase name="addItemsTest" time="1.203" classname="org.themoviedb.qa.tests.ListTests"/>
  <system-out/>
  <testcase name="updateListTest" time="1.091" classname="org.themoviedb.qa.tests.ListTests"/>
  <system-out/>
  <testcase name="updateItemsTest" time="1.075" classname="org.themoviedb.qa.tests.ListTests"/>
  <system-out/>
  <testcase name="removeListItemsTest" time="1.066" classname="org.themoviedb.qa.tests.ListTests"/>
  <system-out/>
  <testcase name="deleteListTest" time="1.207" classname="org.themoviedb.qa.tests.ListTests"/>
  <system-out/>
</testsuite> <!-- org.themoviedb.qa.tests.ListTests -->
